<?xml version="1.0" encoding="UTF-8"?>
<testsuite name="censusanalyser.CensusAnalyserTest" tests="10" skipped="0" failures="0" errors="0" timestamp="2020-10-21T18:19:26" hostname="DESKTOP-T1AKMSQ" time="0.266">
  <properties/>
  <testcase name="testIfWrongFileExtension" classname="censusanalyser.CensusAnalyserTest" time="0.009"/>
  <testcase name="givenIndianCensusCSVFileReturnsCorrectRecords" classname="censusanalyser.CensusAnalyserTest" time="0.016"/>
  <testcase name="if_WrongFileHeader_ShouldReturn_RunTimeException" classname="censusanalyser.CensusAnalyserTest" time="0.187"/>
  <testcase name="givenIndiaStateCode_WithWrongFile_ShouldThrowException" classname="censusanalyser.CensusAnalyserTest" time="0.001"/>
  <testcase name="IndiaStateCode_if_WrongFileHeader_ShouldReturn_RunTimeException" classname="censusanalyser.CensusAnalyserTest" time="0.03"/>
  <testcase name="StateCode_if_WrongDelimiter_ShouldReturn_RunTimeException" classname="censusanalyser.CensusAnalyserTest" time="0.006"/>
  <testcase name="givenIndiaCensusData_WithWrongFile_ShouldThrowException" classname="censusanalyser.CensusAnalyserTest" time="0.001"/>
  <testcase name="if_WrongDelimiter_ShouldReturn_RunTimeException" classname="censusanalyser.CensusAnalyserTest" time="0.002"/>
  <testcase name="givenIndianStateCSV_whenCorrect_shouldReturnExactCount" classname="censusanalyser.CensusAnalyserTest" time="0.006"/>
  <testcase name="givenIndianStateCode_IfWrongFileExtension_RetursException" classname="censusanalyser.CensusAnalyserTest" time="0.001"/>
  <system-out><![CDATA[]]></system-out>
  <system-err><![CDATA[]]></system-err>
</testsuite>
